(---------------------------------------------------------------------)
(                                                                     )
(    Allegro Netrev Import Logic                                      )
(                                                                     )
(    Drawing          : test1.brd                                     )
(    Software Version : 25.1P001                                      )
(    Date/Time        : Wed Apr  8 14:44:18 2026                      )
(                                                                     )
(---------------------------------------------------------------------)


------ Directives ------------

Ripup etch:                  No
Ripup delete first segment:  No
Ripup retain bondwire:       No
Ripup symbols:               Always
Missing symbol has error:    No
DRC update:                  Yes
Schematic directory:         '.'
Design Directory:            'C:/Users/phdgc/Downloads/uob-hep-pc077/hardware/uob-hep-pc077/output/uob#2dhep#2dpc077/physical'
Old design name:             'C:/Users/phdgc/Downloads/uob-hep-pc077/hardware/uob-hep-pc077/output/uob#2dhep#2dpc077/physical/test1.brd'
New design name:             'C:/Users/phdgc/Downloads/uob-hep-pc077/hardware/uob-hep-pc077/output/uob#2dhep#2dpc077/physical/test1.brd'

CmdLine: netrev -i . -y 1 -h -q netrev_constraint_report.xml C:/Users/phdgc/Downloads/uob-hep-pc077/hardware/uob-hep-pc077/output/uob#2dhep#2dpc077/physical/#Taaaabx19076.tmp

------ Preparing to read pst files ------


#1   ERROR(24) File not found
     Packager files not found

#2   ERROR(102) Run stopped because errors were detected

netrev run on Apr 8 14:44:18 2026

   COMPILE 'logic'
   CHECK_PIN_NAMES OFF
   CROSS_REFERENCE OFF
   FEEDBACK OFF
   INCREMENTAL OFF
   INTERFACE_TYPE PHYSICAL
   MAX_ERRORS 500
   MERGE_MINIMUM 5
   NET_NAME_CHARS '#%&()*+-./:=>?@[]^_`|'
   NET_NAME_LENGTH 24
   OVERSIGHTS ON
   REPLACE_CHECK OFF
   SINGLE_NODE_NETS ON
   SPLIT_MINIMUM 0
   SUPPRESS   20
   WARNINGS ON

  2 errors detected
 No oversight detected
 No warning detected

cpu time      0:00:18
elapsed time  0:00:00

